<?xml version="1.0" encoding="UTF-8"?>
<!-- Generated by org.testng.reporters.JUnitReportReporter -->
<testsuite skipped="2" hostname="LAPTOP-N04AR20A" name="TestNGConcepts.IgnoreDemo" tests="5" failures="0" timestamp="2020-05-09T08:53:23 IST" time="0.011" errors="0">
  <testcase name="test2" time="0.001" classname="TestNGConcepts.IgnoreDemo"/>
  <system-out/>
  <testcase name="test1" time="0.009" classname="TestNGConcepts.IgnoreDemo"/>
  <system-out/>
  <testcase name="test4" time="0.001" classname="TestNGConcepts.IgnoreDemo"/>
  <system-out/>
  <testcase name="test3" classname="TestNGConcepts.IgnoreDemo">
    <skipped/>
  </testcase> <!-- test3 -->
  <system-out/>
  <testcase name="test5" classname="TestNGConcepts.IgnoreDemo">
    <skipped/>
  </testcase> <!-- test5 -->
  <system-out/>
</testsuite> <!-- TestNGConcepts.IgnoreDemo -->
