<?xml version="1.0" encoding="UTF-8"?>
<!-- Generated by org.testng.reporters.JUnitReportReporter -->
<testsuite skipped="0" hostname="LAPTOP-N04AR20A" name="TestNGConcepts.DataProviderDemo" tests="5" failures="0" timestamp="2020-05-13T09:18:52 IST" time="42.222" errors="0">
  <testcase name="Login" time="7.954" classname="TestNGConcepts.DataProviderDemo"/>
  <system-out/>
  <testcase name="Login" time="7.879" classname="TestNGConcepts.DataProviderDemo"/>
  <system-out/>
  <testcase name="Login" time="10.470" classname="TestNGConcepts.DataProviderDemo"/>
  <system-out/>
  <testcase name="Login" time="7.989" classname="TestNGConcepts.DataProviderDemo"/>
  <system-out/>
  <testcase name="Login" time="7.930" classname="TestNGConcepts.DataProviderDemo"/>
  <system-out/>
</testsuite> <!-- TestNGConcepts.DataProviderDemo -->
