<?xml version="1.0" encoding="UTF-8"?>
<!-- Generated by org.testng.reporters.JUnitReportReporter -->
<testsuite skipped="0" hostname="LAPTOP-N04AR20A" name="TestNGConcepts.MultipleBrowser" tests="2" failures="0" timestamp="2020-05-12T08:50:29 IST" time="28.251" errors="0">
  <testcase name="GoogleTitle" time="10.184" classname="TestNGConcepts.MultipleBrowser"/>
  <system-out/>
  <testcase name="GoogleTitle" time="18.067" classname="TestNGConcepts.MultipleBrowser"/>
  <system-out/>
</testsuite> <!-- TestNGConcepts.MultipleBrowser -->
