<?xml version="1.0" encoding="UTF-8"?>
<!-- Generated by org.testng.reporters.JUnitReportReporter -->
<testsuite skipped="0" hostname="LAPTOP-N04AR20A" name="TestNGConcepts.GroupsDemo" tests="3" failures="0" timestamp="2020-05-09T08:27:28 IST" time="0.016" errors="0">
  <testcase name="test4" time="0.002" classname="TestNGConcepts.GroupsDemo"/>
  <system-out/>
  <testcase name="test6" time="0.003" classname="TestNGConcepts.GroupsDemo"/>
  <system-out/>
  <testcase name="test2" time="0.011" classname="TestNGConcepts.GroupsDemo"/>
  <system-out/>
</testsuite> <!-- TestNGConcepts.GroupsDemo -->
