<?xml version="1.0" encoding="UTF-8"?>
<!-- Generated by org.testng.reporters.JUnitReportReporter -->
<testsuite skipped="0" hostname="LAPTOP-N04AR20A" name="TestNGConcepts.ExceptionHandling" tests="2" failures="0" timestamp="2020-05-09T09:11:36 IST" time="0.013" errors="0">
  <testcase name="test2" time="0.002" classname="TestNGConcepts.ExceptionHandling"/>
  <system-out/>
  <testcase name="test1" time="0.011" classname="TestNGConcepts.ExceptionHandling"/>
  <system-out/>
</testsuite> <!-- TestNGConcepts.ExceptionHandling -->
