<?xml version="1.0" encoding="UTF-8"?>
<!-- Generated by org.testng.reporters.JUnitReportReporter -->
<testsuite skipped="0" hostname="LAPTOP-N04AR20A" name="TestNGConcepts.GroupDemo2" tests="3" failures="0" timestamp="2020-05-09T08:36:10 IST" time="0.013" errors="0">
  <testcase name="test5" time="0.001" classname="TestNGConcepts.GroupDemo2"/>
  <system-out/>
  <testcase name="test4" time="0.002" classname="TestNGConcepts.GroupDemo2"/>
  <system-out/>
  <testcase name="test3" time="0.010" classname="TestNGConcepts.GroupDemo2"/>
  <system-out/>
</testsuite> <!-- TestNGConcepts.GroupDemo2 -->
