<?xml version="1.0" encoding="UTF-8"?>
<!-- Generated by org.testng.reporters.JUnitReportReporter -->
<testsuite skipped="0" hostname="LAPTOP-N04AR20A" name="TestNGConcepts.Assertions" tests="1" failures="0" timestamp="2020-05-12T08:31:19 IST" time="18.402" errors="0">
  <testcase name="GoogleMail" time="18.402" classname="TestNGConcepts.Assertions"/>
  <system-out/>
</testsuite> <!-- TestNGConcepts.Assertions -->
