<?xml version="1.0" encoding="UTF-8"?>
<!-- Generated by org.testng.reporters.JUnitReportReporter -->
<testsuite skipped="0" hostname="LAPTOP-N04AR20A" name="TestNGConcepts.PriorityDemo" tests="2" failures="0" timestamp="2020-05-07T08:36:16 IST" time="48.639" errors="0">
  <testcase name="RadioButton" time="26.987" classname="TestNGConcepts.PriorityDemo"/>
  <system-out/>
  <testcase name="CheckBox" time="21.652" classname="TestNGConcepts.PriorityDemo"/>
  <system-out/>
</testsuite> <!-- TestNGConcepts.PriorityDemo -->
